[0m13:57:31.890250 [debug] [MainThread]: Sending event: {'category': 'dbt', 'action': 'invocation', 'label': 'start', 'context': [<snowplow_tracker.self_describing_json.SelfDescribingJson object at 0x0000019C3C997F90>, <snowplow_tracker.self_describing_json.SelfDescribingJson object at 0x0000019C3C942510>, <snowplow_tracker.self_describing_json.SelfDescribingJson object at 0x0000019C3C99FA50>]}


============================== 13:57:31.902802 | 4fd97f82-fb9e-419a-a651-2f7981896c6a ==============================
[0m13:57:31.902802 [info ] [MainThread]: Running with dbt=1.9.3
[0m13:57:31.905594 [debug] [MainThread]: running dbt with arguments {'printer_width': '80', 'indirect_selection': 'eager', 'write_json': 'True', 'log_cache_events': 'False', 'partial_parse': 'True', 'cache_selected_only': 'False', 'warn_error': 'None', 'version_check': 'True', 'fail_fast': 'False', 'log_path': 'logs', 'debug': 'False', 'profiles_dir': 'C:\\Users\\WDS\\.dbt', 'use_colors': 'True', 'use_experimental_parser': 'False', 'empty': 'None', 'quiet': 'False', 'no_print': 'None', 'warn_error_options': 'WarnErrorOptions(include=[], exclude=[])', 'introspect': 'True', 'log_format': 'default', 'static_parser': 'True', 'target_path': 'None', 'invocation_command': 'dbt init aula_dbt_t2', 'send_anonymous_usage_stats': 'True'}
[0m13:57:32.116312 [debug] [MainThread]: Starter project path: C:\Users\WDS\AppData\Local\Programs\Python\Python311\Lib\site-packages\dbt\include\starter_project
[0m13:57:32.257043 [info ] [MainThread]: 
Your new dbt project "aula_dbt_t2" was created!

For more information on how to configure the profiles.yml file,
please consult the dbt documentation here:

  https://docs.getdbt.com/docs/configure-your-profile

One more thing:

Need help? Don't hesitate to reach out to us via GitHub issues or on Slack:

  https://community.getdbt.com/

Happy modeling!

[0m13:57:32.259041 [info ] [MainThread]: Setting up your profile.
[0m14:01:11.664983 [info ] [MainThread]: Profile aula_dbt_t2 written to C:\Users\WDS\.dbt\profiles.yml using target's profile_template.yml and your supplied values. Run 'dbt debug' to validate the connection.
[0m14:01:11.676327 [debug] [MainThread]: Command `dbt init` succeeded at 14:01:11.674798 after 220.03 seconds
[0m14:01:11.681423 [debug] [MainThread]: Sending event: {'category': 'dbt', 'action': 'invocation', 'label': 'end', 'context': [<snowplow_tracker.self_describing_json.SelfDescribingJson object at 0x0000019C3628A490>, <snowplow_tracker.self_describing_json.SelfDescribingJson object at 0x0000019C3C93BFD0>, <snowplow_tracker.self_describing_json.SelfDescribingJson object at 0x0000019C3C49D310>]}
[0m14:01:11.684564 [debug] [MainThread]: Flushing usage events
[0m14:01:12.180119 [debug] [MainThread]: An error was encountered while trying to flush usage events
[0m14:02:23.440407 [debug] [MainThread]: Sending event: {'category': 'dbt', 'action': 'invocation', 'label': 'start', 'context': [<snowplow_tracker.self_describing_json.SelfDescribingJson object at 0x0000018E7A113150>, <snowplow_tracker.self_describing_json.SelfDescribingJson object at 0x0000018E7A142050>, <snowplow_tracker.self_describing_json.SelfDescribingJson object at 0x0000018E7A112A50>]}


============================== 14:02:23.450373 | 6a270c24-386c-43b9-a3e6-9fb560dd178f ==============================
[0m14:02:23.450373 [info ] [MainThread]: Running with dbt=1.9.3
[0m14:02:23.452599 [debug] [MainThread]: running dbt with arguments {'printer_width': '80', 'indirect_selection': 'eager', 'log_cache_events': 'False', 'write_json': 'True', 'partial_parse': 'True', 'cache_selected_only': 'False', 'profiles_dir': 'C:\\Users\\WDS\\.dbt', 'debug': 'False', 'version_check': 'True', 'log_path': 'logs', 'warn_error': 'None', 'fail_fast': 'False', 'use_colors': 'True', 'use_experimental_parser': 'False', 'empty': 'None', 'quiet': 'False', 'no_print': 'None', 'warn_error_options': 'WarnErrorOptions(include=[], exclude=[])', 'invocation_command': 'dbt debug', 'introspect': 'True', 'static_parser': 'True', 'target_path': 'None', 'log_format': 'default', 'send_anonymous_usage_stats': 'True'}
[0m14:02:23.516855 [info ] [MainThread]: dbt version: 1.9.3
[0m14:02:23.519088 [info ] [MainThread]: python version: 3.11.9
[0m14:02:23.521167 [info ] [MainThread]: python path: C:\Users\WDS\AppData\Local\Programs\Python\Python311\python.exe
[0m14:02:23.522190 [info ] [MainThread]: os info: Windows-10-10.0.26100-SP0
[0m14:02:23.716145 [info ] [MainThread]: Error importing adapter: No module named 'dbt.adapters.mariadb'
[0m14:02:23.718241 [info ] [MainThread]: Using profiles dir at C:\Users\WDS\.dbt
[0m14:02:23.720261 [info ] [MainThread]: Using profiles.yml file at C:\Users\WDS\.dbt\profiles.yml
[0m14:02:23.721254 [info ] [MainThread]: Using dbt_project.yml file at D:\WULDSON\V8Tech\NerdNoiacast\Aulas\projeto\dbt\dbt_project.yml
[0m14:02:23.723774 [info ] [MainThread]: Configuration:
[0m14:02:23.725787 [info ] [MainThread]:   profiles.yml file [[31mERROR invalid[0m]
[0m14:02:23.727101 [info ] [MainThread]:   dbt_project.yml file [[31mERROR not found[0m]
[0m14:02:23.729116 [info ] [MainThread]: Required dependencies:
[0m14:02:23.731116 [debug] [MainThread]: Executing "git --help"
[0m14:02:23.840104 [debug] [MainThread]: STDOUT: "b"usage: git [-v | --version] [-h | --help] [-C <path>] [-c <name>=<value>]\n           [--exec-path[=<path>]] [--html-path] [--man-path] [--info-path]\n           [-p | --paginate | -P | --no-pager] [--no-replace-objects] [--no-lazy-fetch]\n           [--no-optional-locks] [--no-advice] [--bare] [--git-dir=<path>]\n           [--work-tree=<path>] [--namespace=<name>] [--config-env=<name>=<envvar>]\n           <command> [<args>]\n\nThese are common Git commands used in various situations:\n\nstart a working area (see also: git help tutorial)\n   clone     Clone a repository into a new directory\n   init      Create an empty Git repository or reinitialize an existing one\n\nwork on the current change (see also: git help everyday)\n   add       Add file contents to the index\n   mv        Move or rename a file, a directory, or a symlink\n   restore   Restore working tree files\n   rm        Remove files from the working tree and from the index\n\nexamine the history and state (see also: git help revisions)\n   bisect    Use binary search to find the commit that introduced a bug\n   diff      Show changes between commits, commit and working tree, etc\n   grep      Print lines matching a pattern\n   log       Show commit logs\n   show      Show various types of objects\n   status    Show the working tree status\n\ngrow, mark and tweak your common history\n   branch    List, create, or delete branches\n   commit    Record changes to the repository\n   merge     Join two or more development histories together\n   rebase    Reapply commits on top of another base tip\n   reset     Reset current HEAD to the specified state\n   switch    Switch branches\n   tag       Create, list, delete or verify a tag object signed with GPG\n\ncollaborate (see also: git help workflows)\n   fetch     Download objects and refs from another repository\n   pull      Fetch from and integrate with another repository or a local branch\n   push      Update remote refs along with associated objects\n\n'git help -a' and 'git help -g' list available subcommands and some\nconcept guides. See 'git help <command>' or 'git help <concept>'\nto read about a specific subcommand or concept.\nSee 'git help git' for an overview of the system.\n""
[0m14:02:23.841627 [debug] [MainThread]: STDERR: "b''"
[0m14:02:23.842638 [info ] [MainThread]:  - git [[32mOK found[0m]

[0m14:02:23.845638 [info ] [MainThread]: Connection test skipped since no profile was found
[0m14:02:23.847642 [info ] [MainThread]: [31m2 checks failed:[0m
[0m14:02:23.851118 [info ] [MainThread]: Could not load dbt_project.yml
Profile loading failed for the following reason:
Runtime Error
  Credentials in profile "dbt_novadrive_dw", target "prod" invalid: Runtime Error
    Could not find adapter type mariadb!


[0m14:02:23.853356 [info ] [MainThread]: Project loading failed for the following reason:
 project path <D:\WULDSON\V8Tech\NerdNoiacast\Aulas\projeto\dbt\dbt_project.yml> not found

[0m14:02:24.190041 [debug] [MainThread]: Command `dbt debug` failed at 14:02:24.190041 after 0.95 seconds
[0m14:02:24.192050 [debug] [MainThread]: Sending event: {'category': 'dbt', 'action': 'invocation', 'label': 'end', 'context': [<snowplow_tracker.self_describing_json.SelfDescribingJson object at 0x0000018E7A10BF50>, <snowplow_tracker.self_describing_json.SelfDescribingJson object at 0x0000018E7624DF50>, <snowplow_tracker.self_describing_json.SelfDescribingJson object at 0x0000018E73A39750>]}
[0m14:02:24.193050 [debug] [MainThread]: Flushing usage events
[0m14:02:24.657975 [debug] [MainThread]: An error was encountered while trying to flush usage events
